<?xml version="1.0" encoding="UTF-8"?>
<!-- Generated by org.testng.reporters.JUnitReportReporter -->
<testsuite hostname="DESKTOP-3E37T94" failures="0" tests="1" name="Test01.Buscar_en_googleTest" time="1.267" errors="0" timestamp="23 Mar 2020 14:38:19 GMT">
  <testcase classname="Test01.Buscar_en_googleTest" name="Testgoole" time="1.267"/>
</testsuite> <!-- Test01.Buscar_en_googleTest -->
