<?xml version="1.0" encoding="UTF-8"?>
<!-- Generated by org.testng.reporters.JUnitReportReporter -->
<testsuite hostname="DESKTOP-3E37T94" failures="0" tests="1" name="Test01.MercuryToursTest" time="5.074" errors="0" timestamp="23 Mar 2020 14:38:19 GMT">
  <testcase classname="Test01.MercuryToursTest" name="registrar_usuario" time="5.074"/>
</testsuite> <!-- Test01.MercuryToursTest -->
